TN:
SF:BusinessError.ts
FN:3,BusinessError
FNF:1
FNH:1
FNDA:1,BusinessError
DA:1,1
DA:2,1
DA:3,1
DA:4,1
DA:5,1
DA:6,1
LF:6
LH:6
BRDA:3,0,0,1
BRF:1
BRH:1
end_of_record
TN:
SF:service\ImageService.ts
FN:8,bufferBuild
FN:23,ensureImageIsBuffer
FN:48,validateSizeLimit
FNF:3
FNH:1
FNDA:0,bufferBuild
FNDA:0,ensureImageIsBuffer
FNDA:1,validateSizeLimit
DA:1,1
DA:2,1
DA:3,1
DA:4,1
DA:5,1
DA:6,1
DA:7,1
DA:8,1
DA:9,0
DA:10,0
DA:11,0
DA:12,0
DA:13,0
DA:14,0
DA:15,0
DA:16,0
DA:17,0
DA:18,0
DA:19,0
DA:20,0
DA:21,0
DA:22,1
DA:23,1
DA:24,0
DA:25,0
DA:26,0
DA:27,0
DA:28,0
DA:29,0
DA:30,0
DA:31,0
DA:32,0
DA:33,0
DA:34,0
DA:35,0
DA:36,0
DA:37,0
DA:38,0
DA:39,0
DA:40,0
DA:41,0
DA:42,0
DA:43,0
DA:44,0
DA:45,0
DA:46,0
DA:47,1
DA:48,1
DA:49,1
DA:50,1
DA:51,1
DA:52,1
DA:53,1
DA:54,0
DA:55,0
DA:56,1
DA:57,0
DA:58,0
DA:59,0
DA:60,1
DA:61,1
DA:62,1
DA:63,1
DA:64,1
DA:65,1
DA:66,1
DA:67,1
DA:68,1
LF:68
LH:27
BRDA:48,0,0,1
BRDA:50,1,0,0
BRDA:50,2,0,1
BRDA:53,3,0,0
BRDA:53,4,0,0
BRDA:56,5,0,0
BRF:6
BRH:2
end_of_record
