TN:
SF:service\EjsNodemailer.ts
FN:8,createTransport
FN:19,sendMail
FNF:2
FNH:2
FNDA:1,createTransport
FNDA:3,sendMail
DA:1,1
DA:2,1
DA:3,1
DA:4,1
DA:5,1
DA:6,1
DA:7,1
DA:8,1
DA:9,1
DA:10,1
DA:11,1
DA:12,1
DA:13,1
DA:14,1
DA:15,0
DA:16,0
DA:17,1
DA:18,1
DA:19,1
DA:20,3
DA:21,3
DA:22,3
DA:23,3
DA:24,3
DA:25,3
DA:26,3
DA:27,3
DA:28,3
DA:29,3
DA:30,2
DA:31,3
DA:32,3
DA:33,2
DA:34,3
DA:35,3
DA:36,1
DA:37,1
DA:38,1
DA:39,1
DA:40,1
DA:41,1
DA:42,1
DA:43,1
DA:44,1
DA:45,1
DA:46,1
DA:47,1
DA:48,1
DA:49,1
DA:50,1
DA:51,1
DA:52,1
DA:53,1
DA:54,0
DA:55,0
DA:56,0
DA:57,0
DA:58,0
DA:59,0
DA:60,0
DA:61,0
DA:62,0
DA:63,1
DA:64,1
DA:65,0
DA:66,0
DA:67,0
DA:68,0
DA:69,0
DA:70,0
DA:71,0
DA:72,0
DA:73,0
DA:74,0
DA:75,1
DA:76,1
DA:77,1
DA:78,1
DA:79,1
DA:80,1
DA:81,1
DA:82,1
DA:83,1
DA:84,1
DA:85,1
DA:86,1
DA:87,3
DA:88,2
DA:89,2
DA:90,3
DA:91,1
LF:91
LH:70
BRDA:8,0,0,1
BRDA:14,1,0,0
BRDA:19,2,0,3
BRDA:27,3,0,2
BRDA:28,4,0,2
BRDA:29,5,0,2
BRDA:32,6,0,1
BRDA:33,7,0,2
BRDA:34,8,0,2
BRDA:35,9,0,1
BRDA:53,10,0,0
BRDA:64,11,0,0
BRDA:87,12,0,2
BRF:13
BRH:10
end_of_record
TN:
SF:service\ImageService.ts
FN:7,bufferBuild
FN:22,ensureImageIsBuffer
FN:47,validateSizeLimit
FNF:3
FNH:1
FNDA:0,bufferBuild
FNDA:0,ensureImageIsBuffer
FNDA:2,validateSizeLimit
DA:1,1
DA:2,1
DA:3,1
DA:4,1
DA:5,1
DA:6,1
DA:7,1
DA:8,0
DA:9,0
DA:10,0
DA:11,0
DA:12,0
DA:13,0
DA:14,0
DA:15,0
DA:16,0
DA:17,0
DA:18,0
DA:19,0
DA:20,0
DA:21,1
DA:22,1
DA:23,0
DA:24,0
DA:25,0
DA:26,0
DA:27,0
DA:28,0
DA:29,0
DA:30,0
DA:31,0
DA:32,0
DA:33,0
DA:34,0
DA:35,0
DA:36,0
DA:37,0
DA:38,0
DA:39,0
DA:40,0
DA:41,0
DA:42,0
DA:43,0
DA:44,0
DA:45,0
DA:46,1
DA:47,1
DA:48,2
DA:49,2
DA:50,1
DA:51,1
DA:52,1
DA:53,0
DA:54,0
DA:55,1
DA:56,0
DA:57,0
DA:58,0
DA:59,1
DA:60,1
DA:61,1
DA:62,1
DA:63,1
DA:64,2
DA:65,2
DA:66,2
DA:67,1
LF:67
LH:26
BRDA:47,0,0,2
BRDA:49,1,0,1
BRDA:49,2,0,1
BRDA:52,3,0,0
BRDA:52,4,0,0
BRDA:55,5,0,0
BRF:6
BRH:3
end_of_record
